<?xml version="1.0" encoding="UTF-8"?>
<testng-results skipped="0" failed="0" total="2" passed="2">
  <reporter-output>
  </reporter-output>
  <suite name="Default suite" duration-ms="18632" started-at="2023-03-29T16:50:33Z" finished-at="2023-03-29T16:50:51Z">
    <groups>
    </groups>
    <test name="Default test" duration-ms="18632" started-at="2023-03-29T16:50:33Z" finished-at="2023-03-29T16:50:51Z">
      <class name="mar24.AdvanceReports">
        <test-method status="PASS" signature="generateReport()[pri:0, instance:mar24.AdvanceReports@d8355a8]" name="generateReport" is-config="true" duration-ms="340" started-at="2023-03-29T22:20:33Z" finished-at="2023-03-29T22:20:33Z">
          <reporter-output>
          </reporter-output>
        </test-method> <!-- generateReport -->
        <test-method status="PASS" signature="setUp()[pri:0, instance:mar24.AdvanceReports@d8355a8]" name="setUp" is-config="true" duration-ms="9887" started-at="2023-03-29T22:20:33Z" finished-at="2023-03-29T22:20:43Z">
          <reporter-output>
          </reporter-output>
        </test-method> <!-- setUp -->
        <test-method status="PASS" signature="testcase1()[pri:0, instance:mar24.AdvanceReports@d8355a8]" name="testcase1" duration-ms="33" started-at="2023-03-29T22:20:43Z" finished-at="2023-03-29T22:20:43Z">
          <reporter-output>
          </reporter-output>
        </test-method> <!-- testcase1 -->
        <test-method status="PASS" signature="tearDown()[pri:0, instance:mar24.AdvanceReports@d8355a8]" name="tearDown" is-config="true" duration-ms="1168" started-at="2023-03-29T22:20:43Z" finished-at="2023-03-29T22:20:44Z">
          <reporter-output>
          </reporter-output>
        </test-method> <!-- tearDown -->
        <test-method status="PASS" signature="setUp()[pri:0, instance:mar24.AdvanceReports@d8355a8]" name="setUp" is-config="true" duration-ms="6354" started-at="2023-03-29T22:20:44Z" finished-at="2023-03-29T22:20:50Z">
          <reporter-output>
          </reporter-output>
        </test-method> <!-- setUp -->
        <test-method status="PASS" signature="testcase2()[pri:0, instance:mar24.AdvanceReports@d8355a8]" name="testcase2" duration-ms="17" started-at="2023-03-29T22:20:50Z" finished-at="2023-03-29T22:20:50Z">
          <reporter-output>
          </reporter-output>
        </test-method> <!-- testcase2 -->
        <test-method status="PASS" signature="tearDown()[pri:0, instance:mar24.AdvanceReports@d8355a8]" name="tearDown" is-config="true" duration-ms="815" started-at="2023-03-29T22:20:50Z" finished-at="2023-03-29T22:20:51Z">
          <reporter-output>
          </reporter-output>
        </test-method> <!-- tearDown -->
      </class> <!-- mar24.AdvanceReports -->
    </test> <!-- Default test -->
  </suite> <!-- Default suite -->
</testng-results>
